<?xml version="1.0" encoding="UTF-8"?>
<!-- Generated by org.testng.reporters.JUnitReportReporter -->
<testsuite hostname="DESKTOP-KK99BOF" failures="0" tests="1" name="GET_TEST" time="0.012" errors="0" timestamp="2021-03-14T15:20:28 IST" skipped="0">
  <testcase classname="GET_TEST" name="Test" time="0.012"/>
  <system-out/>
</testsuite> <!-- GET_TEST -->
